Using pre-set license
Built from '2021.1/staging' branch; Version is '2021.1.7f1 (d91830b65d9b) revision 14227504'; Using compiler version '192528614'; Build Type 'Release'
OS: 'Windows 10 Pro; OS build 19045.3208; Version 2009; 64bit' Language: 'zh' Physical Memory: 16068 MB
BatchMode: 1, IsHumanControllingUs: 0, StartBugReporterOnCrash: 0, Is64bit: 1, IsPro: 0

 COMMAND LINE ARGUMENTS:
C:\Program Files\Unity\Hub\Editor\2021.1.7f1-x86_64\Editor\Unity.exe
-adb2
-batchMode
-noUpm
-name
AssetImportWorker0
-projectPath
C:/Unity Projects/projects/Dungeon Gunner Course
-logFile
Logs/AssetImportWorker0.log
-srvPort
50665
Successfully changed project path to: C:/Unity Projects/projects/Dungeon Gunner Course
C:/Unity Projects/projects/Dungeon Gunner Course
Using Asset Import Pipeline V2.
Refreshing native plugins compatible for Editor in 143.38 ms, found 1 plugins.
Preloading 0 native plugins for Editor in 0.00 ms.
Initialize engine version: 2021.1.7f1 (d91830b65d9b)
[Subsystems] Discovering subsystems at path C:/Program Files/Unity/Hub/Editor/2021.1.7f1-x86_64/Editor/Data/Resources/UnitySubsystems
[Subsystems] Discovering subsystems at path C:/Unity Projects/projects/Dungeon Gunner Course/Assets
GfxDevice: creating device client; threaded=0; jobified=0
Direct3D:
    Version:  Direct3D 11.0 [level 11.1]
    Renderer: NVIDIA GeForce MX550 (ID=0x1f9f)
    Vendor:   NVIDIA
    VRAM:     1920 MB
    Driver:   31.0.15.2852
Shader 'Universal Render Pipeline/Particles/Lit': fallback shader 'Universal Render Pipeline/Particles/SimpleLit' not found
Initialize mono
Mono path[0] = 'C:/Program Files/Unity/Hub/Editor/2021.1.7f1-x86_64/Editor/Data/Managed'
Mono path[1] = 'C:/Program Files/Unity/Hub/Editor/2021.1.7f1-x86_64/Editor/Data/MonoBleedingEdge/lib/mono/unityjit'
Mono config path = 'C:/Program Files/Unity/Hub/Editor/2021.1.7f1-x86_64/Editor/Data/MonoBleedingEdge/etc'
Using monoOptions --debugger-agent=transport=dt_socket,embedding=1,server=y,suspend=n,address=127.0.0.1:56680
Begin MonoManager ReloadAssembly
Registering precompiled unity dll's ...
Register platform support module: C:/Program Files/Unity/Hub/Editor/2021.1.7f1-x86_64/Editor/Data/PlaybackEngines/WindowsStandaloneSupport/UnityEditor.WindowsStandalone.Extensions.dll
Registered in 0.001062 seconds.
Native extension for WindowsStandalone target not found
Refreshing native plugins compatible for Editor in 144.49 ms, found 1 plugins.
Preloading 0 native plugins for Editor in 0.00 ms.
Mono: successfully reloaded assembly
- Completed reload, in  1.023 seconds
Platform modules already initialized, skipping
Registering precompiled user dll's ...
Registered in 0.002900 seconds.
Begin MonoManager ReloadAssembly
Symbol file LoadedFromMemory doesn't match image C:\Unity Projects\projects\Dungeon Gunner Course\Library\PackageCache\com.unity.visualscripting@1.6.1\Editor\VisualScripting.Core\Dependencies\YamlDotNet\Unity.VisualScripting.YamlDotNet.dll
Symbol file LoadedFromMemory doesn't match image C:\Unity Projects\projects\Dungeon Gunner Course\Library\PackageCache\com.unity.visualscripting@1.6.1\Editor\VisualScripting.Core\Dependencies\DotNetZip\Unity.VisualScripting.IonicZip.dll
Native extension for WindowsStandalone target not found
Refreshing native plugins compatible for Editor in 183.20 ms, found 1 plugins.
Preloading 0 native plugins for Editor in 0.00 ms.
Mono: successfully reloaded assembly
- Completed reload, in  1.287 seconds
Platform modules already initialized, skipping
========================================================================
Worker process is ready to serve import requests
Shader 'Universal Render Pipeline/Particles/Lit': fallback shader 'Universal Render Pipeline/Particles/SimpleLit' not found
Launched and connected shader compiler UnityShaderCompiler.exe after 0.06 seconds
Refreshing native plugins compatible for Editor in 0.78 ms, found 1 plugins.
Preloading 0 native plugins for Editor in 0.00 ms.
Unloading 3800 Unused Serialized files (Serialized files now loaded: 0)
System memory in use before: 181.8 MB.
System memory in use after: 182.0 MB.

Unloading 16 unused Assets to reduce memory usage. Loaded Objects now: 4277.
Total: 1.933700 ms (FindLiveObjects: 0.240900 ms CreateObjectMapping: 0.068500 ms MarkObjects: 1.604000 ms  DeleteObjects: 0.019000 ms)

========================================================================
Received Import Request.
  path: Assets/Scripts/Weapons/New Folder
  artifactKey: Guid(3495db2944ac2294589725023b289be3) Importer(815301076,1909f56bfc062723c751e8b465ee728b)
Start importing Assets/Scripts/Weapons/New Folder using Guid(3495db2944ac2294589725023b289be3) Importer(815301076,1909f56bfc062723c751e8b465ee728b)  -> (artifact id: '80e1630f41fd1be35045a6c855b57fcc') in 0.006826 seconds 
========================================================================
Received Prepare
Registering precompiled user dll's ...
Registered in 0.003744 seconds.
Begin MonoManager ReloadAssembly
Symbol file LoadedFromMemory doesn't match image C:\Unity Projects\projects\Dungeon Gunner Course\Library\PackageCache\com.unity.visualscripting@1.6.1\Editor\VisualScripting.Core\Dependencies\YamlDotNet\Unity.VisualScripting.YamlDotNet.dll
Symbol file LoadedFromMemory doesn't match image C:\Unity Projects\projects\Dungeon Gunner Course\Library\PackageCache\com.unity.visualscripting@1.6.1\Editor\VisualScripting.Core\Dependencies\DotNetZip\Unity.VisualScripting.IonicZip.dll
Native extension for WindowsStandalone target not found
Refreshing native plugins compatible for Editor in 1.88 ms, found 1 plugins.
Preloading 0 native plugins for Editor in 0.00 ms.
Mono: successfully reloaded assembly
- Completed reload, in  1.136 seconds
Platform modules already initialized, skipping
Shader 'Universal Render Pipeline/Particles/Lit': fallback shader 'Universal Render Pipeline/Particles/SimpleLit' not found
Refreshing native plugins compatible for Editor in 1.36 ms, found 1 plugins.
Preloading 0 native plugins for Editor in 0.00 ms.
Unloading 3672 Unused Serialized files (Serialized files now loaded: 0)
System memory in use before: 173.0 MB.
System memory in use after: 173.3 MB.

Unloading 9 unused Assets to reduce memory usage. Loaded Objects now: 4280.
Total: 4.048700 ms (FindLiveObjects: 0.471900 ms CreateObjectMapping: 0.134800 ms MarkObjects: 3.413300 ms  DeleteObjects: 0.027400 ms)

========================================================================
Received Import Request.
  Time since last request: 19.675871 seconds.
  path: Assets/Scripts/Weapons/Weapons
  artifactKey: Guid(3495db2944ac2294589725023b289be3) Importer(815301076,1909f56bfc062723c751e8b465ee728b)
Start importing Assets/Scripts/Weapons/Weapons using Guid(3495db2944ac2294589725023b289be3) Importer(815301076,1909f56bfc062723c751e8b465ee728b)  -> (artifact id: '303342f819ae72fe6e7ebcfe352ff65f') in 0.007228 seconds 
========================================================================
Received Prepare
Registering precompiled user dll's ...
Registered in 0.003345 seconds.
Begin MonoManager ReloadAssembly
Symbol file LoadedFromMemory doesn't match image C:\Unity Projects\projects\Dungeon Gunner Course\Library\PackageCache\com.unity.visualscripting@1.6.1\Editor\VisualScripting.Core\Dependencies\YamlDotNet\Unity.VisualScripting.YamlDotNet.dll
Symbol file LoadedFromMemory doesn't match image C:\Unity Projects\projects\Dungeon Gunner Course\Library\PackageCache\com.unity.visualscripting@1.6.1\Editor\VisualScripting.Core\Dependencies\DotNetZip\Unity.VisualScripting.IonicZip.dll
Native extension for WindowsStandalone target not found
Refreshing native plugins compatible for Editor in 1.42 ms, found 1 plugins.
Preloading 0 native plugins for Editor in 0.00 ms.
Mono: successfully reloaded assembly
- Completed reload, in  1.080 seconds
Platform modules already initialized, skipping
Shader 'Universal Render Pipeline/Particles/Lit': fallback shader 'Universal Render Pipeline/Particles/SimpleLit' not found
Refreshing native plugins compatible for Editor in 1.50 ms, found 1 plugins.
Preloading 0 native plugins for Editor in 0.00 ms.
Unloading 3672 Unused Serialized files (Serialized files now loaded: 0)
System memory in use before: 173.1 MB.
System memory in use after: 173.3 MB.

Unloading 9 unused Assets to reduce memory usage. Loaded Objects now: 4283.
Total: 3.110300 ms (FindLiveObjects: 0.350800 ms CreateObjectMapping: 0.110400 ms MarkObjects: 2.630900 ms  DeleteObjects: 0.016800 ms)

========================================================================
Received Prepare
Registering precompiled user dll's ...
Registered in 0.003414 seconds.
Begin MonoManager ReloadAssembly
Symbol file LoadedFromMemory doesn't match image C:\Unity Projects\projects\Dungeon Gunner Course\Library\PackageCache\com.unity.visualscripting@1.6.1\Editor\VisualScripting.Core\Dependencies\YamlDotNet\Unity.VisualScripting.YamlDotNet.dll
Symbol file LoadedFromMemory doesn't match image C:\Unity Projects\projects\Dungeon Gunner Course\Library\PackageCache\com.unity.visualscripting@1.6.1\Editor\VisualScripting.Core\Dependencies\DotNetZip\Unity.VisualScripting.IonicZip.dll
Native extension for WindowsStandalone target not found
Refreshing native plugins compatible for Editor in 2.25 ms, found 1 plugins.
Preloading 0 native plugins for Editor in 0.00 ms.
Mono: successfully reloaded assembly
- Completed reload, in  1.141 seconds
Platform modules already initialized, skipping
Shader 'Universal Render Pipeline/Particles/Lit': fallback shader 'Universal Render Pipeline/Particles/SimpleLit' not found
Refreshing native plugins compatible for Editor in 2.16 ms, found 1 plugins.
Preloading 0 native plugins for Editor in 0.00 ms.
Unloading 3673 Unused Serialized files (Serialized files now loaded: 0)
System memory in use before: 173.2 MB.
System memory in use after: 173.4 MB.

Unloading 9 unused Assets to reduce memory usage. Loaded Objects now: 4287.
Total: 2.301800 ms (FindLiveObjects: 0.373200 ms CreateObjectMapping: 0.081900 ms MarkObjects: 1.827800 ms  DeleteObjects: 0.017900 ms)

========================================================================
Received Import Request.
  Time since last request: 13.985593 seconds.
  path: Assets/Scripts/Weapons/Weapons/WeaponDetailsSO.cs
  artifactKey: Guid(819f13724de075941bd7a7f97c0afc7c) Importer(815301076,1909f56bfc062723c751e8b465ee728b)
Start importing Assets/Scripts/Weapons/Weapons/WeaponDetailsSO.cs using Guid(819f13724de075941bd7a7f97c0afc7c) Importer(815301076,1909f56bfc062723c751e8b465ee728b)  -> (artifact id: '70a9887795d46a6414d9f17c949e0005') in 0.032567 seconds 
========================================================================
Received Import Request.
  Time since last request: 312.308251 seconds.
  path: Assets/ScriptableObjectAssets/Weapons
  artifactKey: Guid(f70146b57e1861244950d950ec0f20c8) Importer(815301076,1909f56bfc062723c751e8b465ee728b)
Start importing Assets/ScriptableObjectAssets/Weapons using Guid(f70146b57e1861244950d950ec0f20c8) Importer(815301076,1909f56bfc062723c751e8b465ee728b)  -> (artifact id: '2471476b672f3543f5b69ebf543e5d03') in 0.003448 seconds 
========================================================================
Received Import Request.
  Time since last request: 33.453938 seconds.
  path: Assets/ScriptableObjectAssets/Weapons/Pistol
  artifactKey: Guid(4ef76c1644ca2824fae02b399f604271) Importer(815301076,1909f56bfc062723c751e8b465ee728b)
Start importing Assets/ScriptableObjectAssets/Weapons/Pistol using Guid(4ef76c1644ca2824fae02b399f604271) Importer(815301076,1909f56bfc062723c751e8b465ee728b)  -> (artifact id: 'a57c3ea24d3d70b85c16271a76309d64') in 0.002257 seconds 
========================================================================
Received Import Request.
  Time since last request: 8.103055 seconds.
  path: Assets/ScriptableObjectAssets/Weapons/Pistol/WeaponDetails_Pistol.asset
  artifactKey: Guid(5b2f34087847f8e43a6258c32c15a183) Importer(815301076,1909f56bfc062723c751e8b465ee728b)
Start importing Assets/ScriptableObjectAssets/Weapons/Pistol/WeaponDetails_Pistol.asset using Guid(5b2f34087847f8e43a6258c32c15a183) Importer(815301076,1909f56bfc062723c751e8b465ee728b) weaponName is empty and must contain a value in object WeaponDetails_Pistol
UnityEngine.StackTraceUtility:ExtractStackTrace ()
UnityEngine.DebugLogHandler:LogFormat (UnityEngine.LogType,UnityEngine.Object,string,object[])
UnityEngine.Logger:Log (UnityEngine.LogType,object)
UnityEngine.Debug:Log (object)
HelperUtilities:ValidateCheckEmptyString (UnityEngine.Object,string,string) (at Assets/Scripts/Utilities/HelperUtilities.cs:94)
WeaponDetailsSO:OnValidate () (at Assets/Scripts/Weapons/Weapons/WeaponDetailsSO.cs:70)

(Filename: Assets/Scripts/Utilities/HelperUtilities.cs Line: 94)

 -> (artifact id: 'f278d42bdc338599e35d83ac3b821ffd') in 0.024523 seconds 
AssetImportWorkerClient::OnTransportError - code=2 error=End of file
